Arguments: 
  /usr/local/bin/node /usr/local/bin/yarn add lolcatjs

PATH: 
  /Users/yuanzhijia/Desktop/cocos2d-x-3.17.1/templates:/Users/yuanzhijia/Desktop:/Users/yuanzhijia/Desktop/cocos2d-x-3.17.1/tools/cocos2d-console/bin:/Users/yuanzhijia/Desktop/cocos2d-x-3.17.1/templates:/Users/yuanzhijia/Desktop:/Users/yuanzhijia/Desktop/cocos2d-x-3.17.1/tools/cocos2d-console/bin:/usr/local/bin:/usr/bin:/bin:/usr/sbin:/sbin

Yarn version: 
  1.15.2

Node version: 
  10.15.3

Platform: 
  darwin x64

Trace: 
  Error: EACCES: permission denied, unlink '/Users/yuanzhijia/Desktop/yd-cli/node_modules/commander/CHANGELOG.md'

npm manifest: 
  {
    "name": "yd-cli",
    "version": "1.0.0",
    "description": "",
    "main": "index.js",
    "bin": {
      "ydcli": "./bin/yd"
    },
    "scripts": {
      "test": "echo \"Error: no test specified\" && exit 1"
    },
    "keywords": [],
    "author": "",
    "license": "ISC",
    "dependencies": {
      "commander": "^2.20.0"
    }
  }

yarn manifest: 
  No manifest

Lockfile: 
  # THIS IS AN AUTOGENERATED FILE. DO NOT EDIT THIS FILE DIRECTLY.
  # yarn lockfile v1
  
  
  commander@^2.20.0:
    version "2.20.0"
    resolved "https://registry.yarnpkg.com/commander/-/commander-2.20.0.tgz#d58bb2b5c1ee8f87b0d340027e9e94e222c5a422"
    integrity sha512-7j2y+40w61zy6YC2iRNpUe/NwhNyoXrYpHMrSunaMG64nRnaf96zO/KMQR4OyN/UnE5KLyEBnKHd4aG3rskjpQ==
